INFO:  latexindent.pl version 3.20.1, 2023-01-07, a script to indent .tex files
       latexindent.pl lives here: /opt/homebrew/Cellar/latexindent/3.20.1/libexec/bin/
       Wed Mar 29 23:19:05 2023
       Filename: /Users/matthewscott/Obsidian/export_markdown/Obsidian Paper Export/examples/output/journal1/__latexindent_temp_Export Journal Output.tex
INFO:  Processing switches:
       -y|--yaml: YAML settings specified via command line
       -c|--cruft: cruft directory
INFO:  Directory for backup files and /Users/matthewscott/Obsidian/export_markdown/Obsidian Paper Export/examples/output//indent.log:
       /Users/matthewscott/Obsidian/export_markdown/Obsidian Paper Export/examples/output/
INFO:  Perl modules are being loaded from the following directories:
       /opt/homebrew/opt/perl/lib/perl5/5.36/FindBin.pm
       /opt/homebrew/Cellar/latexindent/3.20.1/libexec/lib/perl5/YAML/Tiny.pm
       /opt/homebrew/opt/perl/lib/perl5/5.36/File/Copy.pm
       /opt/homebrew/opt/perl/lib/perl5/5.36/File/Basename.pm
       /opt/homebrew/opt/perl/lib/perl5/5.36/Getopt/Long.pm
       /opt/homebrew/Cellar/latexindent/3.20.1/libexec/lib/perl5/File/HomeDir.pm
INFO:  LatexIndent perl modules are being loaded from, for example:
       /opt/homebrew/Cellar/latexindent/3.20.1/libexec/lib/perl5/LatexIndent/Document.pm
INFO:  YAML settings read: defaultSettings.yaml
       Reading defaultSettings.yaml from /opt/homebrew/Cellar/latexindent/3.20.1/libexec/bin/defaultSettings.yaml
INFO:  YAML reading settings
       Home directory is /Users/matthewscott
       latexindent.pl didn't find indentconfig.yaml or .indentconfig.yaml
       see all possible locations: https://latexindentpl.readthedocs.io/en/latest/sec-appendices.html#indentconfig-options)
INFO:  YAML settings read: -y switch
       YAML setting: defaultIndent:'   '
       single-quoted string found in -y switch: '   ', substitute to    
       Updating mainSettings with defaultIndent:    
INFO:  Phase 1: searching for objects
INFO:  Phase 2: finding surrounding indentation
INFO:  Phase 3: indenting objects
INFO:  Phase 4: final indentation check
INFO:  Output routine:
       Not outputting to file; see -w and -o switches for more options.
       --------------
INFO:  Please direct all communication/issues to:
        https://github.com/cmhughes/latexindent.pl
